2023/10/19 21:37:10 Сервер запущен на порту 8080
2023/10/19 21:51:12 Сервер запущен на порту 8080
2023/10/19 21:51:32 sad
2023/10/19 21:51:32 name
2023/10/19 21:51:32 Handled data: {13234} Response: server 13234
2023/10/19 21:51:46 Retrieved data: map[query:13234 response:server 13234]
2023/10/19 20:18:48 Сервер запущен на порту 8080
2023/10/19 20:19:17 sad
2023/10/19 20:19:17 name
2023/10/19 20:19:17 Handled data: {13234} Response: server 13234
2023/10/19 20:19:52 Retrieved data: map[query:13234 response:server 13234]
2023/10/19 20:34:10 Сервер запущен на порту $PORT
2023/10/19 20:36:47 Сервер запущен на порту 8081
2023/10/19 20:44:24 Сервер запущен на порту {$PORT}
2023/10/19 20:44:25 listen tcp: lookup tcp/{$PORT}: Servname not supported for ai_socktype
2023/10/19 21:30:08 Сервер запущен на порту 8080
2023/10/19 21:35:15 Сервер запущен на порту 8081
2023/10/19 21:36:30 Сервер запущен на порту 8081
2023/10/19 21:37:31 Сервер запущен на порту 8081
2023/10/19 21:39:29 Сервер запущен на порту 8081
2023/10/20 09:14:00 Сервер запущен на порту 8082
2023/10/20 09:21:29 Сервер запущен на порту 8082
2023/10/20 09:21:49 sad
2023/10/20 09:21:49 nam2
2023/10/20 09:21:49 Handled data: {13234} Response: server 13234
2023/10/20 09:21:58 Retrieved data: map[query:13234 response:server 13234]
2023/10/20 09:30:48 Сервер запущен на порту 8082
2023/10/20 09:44:52 Сервер запущен на порту 8082
2023/10/20 09:46:14 Сервер запущен на порту 8082
2023/10/20 09:56:37 Сервер запущен на порту 8082
2023/10/20 10:00:52 Сервер запущен на порту 8082
2023/10/20 10:09:14 Сервер запущен на порту 8082
2023/10/20 10:15:46 Сервер запущен на порту 8082
2023/10/20 10:16:53 Сервер запущен на порту 8082
2023/10/20 10:19:40 Сервер запущен на порту 8082
2023/10/20 10:22:15 Сервер запущен на порту 8082
2023/10/20 10:23:07 Сервер запущен на порту 8082
2023/10/20 10:23:32 Сервер запущен на порту 8082
2023/10/20 10:23:53 Сервер запущен на порту 8082
2023/10/20 10:25:08 Сервер запущен на порту 8082
2023/10/20 10:26:43 Сервер запущен на порту 8082
2023/10/20 10:27:38 Сервер запущен на порту 8082
2023/10/20 10:31:54 Сервер запущен на порту 8082
2023/10/20 10:33:26 Сервер запущен на порту 8082
2023/10/20 10:36:39 Сервер запущен на порту 8082
2023/10/20 10:37:02 Сервер запущен на порту 8082
2023/10/20 10:39:06 Сервер запущен на порту 8082
2023/10/20 10:39:51 Сервер запущен на порту 8082
2023/10/20 10:40:58 Сервер запущен на порту 8082
2023/10/20 10:43:53 Сервер запущен на порту 8082
2023/10/20 10:44:21 Сервер запущен на порту 8082
2023/10/20 10:47:44 Сервер запущен на порту 8082
2023/10/20 10:48:26 Сервер запущен на порту 8082
2023/10/20 10:49:26 Сервер запущен на порту 8082
2023/10/20 10:51:45 Сервер запущен на порту 8083
2023/10/20 10:52:45 Сервер запущен на порту 8082
2023/10/20 10:53:12 Сервер запущен на порту 8082
2023/10/20 10:54:24 Сервер запущен на порту 8082
2023/10/20 10:55:48 Сервер запущен на порту 8082
2023/10/20 10:57:16 Сервер запущен на порту 8082
2023/10/20 10:57:57 Сервер запущен на порту 8082
2023/10/20 10:59:38 Сервер запущен на порту 8082
2023/10/20 11:00:24 Сервер запущен на порту 8082
2023/10/20 11:01:57 Сервер запущен на порту 8082
2023/10/20 11:02:18 Сервер запущен на порту 8082
2023/10/20 11:04:06 Сервер запущен на порту 8082
2023/10/20 11:04:32 Сервер запущен на порту 8082
2023/10/20 11:16:49 Сервер запущен на порту 8082
2023/10/20 11:17:39 Сервер запущен на порту 8082
2023/10/20 11:22:33 Сервер запущен на порту 8082
2023/10/20 11:23:25 Сервер запущен на порту 8082
2023/10/20 11:23:56 Сервер запущен на порту 8082
2023/10/20 11:26:10 Сервер запущен на порту 8082
2023/10/20 11:27:50 Сервер запущен на порту 8082
2023/10/20 11:31:22 Сервер запущен на порту 8082
2023/10/20 11:33:38 Сервер запущен на порту 8082
2023/10/20 11:40:23 Сервер запущен на порту 8082
2023/10/20 11:44:58 Сервер запущен на порту 8082
2023/10/20 11:45:35 Сервер запущен на порту 8082
2023/10/20 11:46:20 Сервер запущен на порту 8082
2023/10/20 11:47:58 Сервер запущен на порту 8082
2023/10/20 11:48:06 sad
2023/10/20 11:48:06 nam2
2023/10/20 11:48:06 Handled data: {13234} Response: server 13234
2023/10/20 11:50:26 Сервер запущен на порту 8082
2023/10/20 11:52:30 Сервер запущен на порту 8082
2023/10/20 11:53:41 Сервер запущен на порту 8082
2023/10/20 11:53:45 sad
2023/10/20 11:53:45 nam2
2023/10/20 11:53:45 Handled data: {13234} Response: server 13234
2023/10/20 11:54:32 Сервер запущен на порту 8082
2023/10/20 11:54:56 Сервер запущен на порту 8082
2023/10/20 11:55:00 sad
2023/10/20 11:55:00 nam2
2023/10/20 11:55:00 Handled data: {13234} Response: server 13234
2023/10/20 11:55:33 sad
2023/10/20 11:55:33 nam2
2023/10/20 11:55:33 Handled data: {13234} Response: server 13234
2023/10/20 11:55:56 sad
2023/10/20 11:55:56 nam2
2023/10/20 11:55:56 Handled data: {13234} Response: server 13234
2023/10/20 11:57:19 Сервер запущен на порту 8082
2023/10/20 11:57:24 sad
2023/10/20 11:57:24 nam2
2023/10/20 11:57:24 Handled data: {13234} Response: server 13234
2023/10/20 12:00:31 Сервер запущен на порту 8082
2023/10/20 12:00:36 sad
2023/10/20 12:00:36 nam2
2023/10/20 12:00:36 Handled data: {13234} Response: server 13234
2023/10/20 12:01:18 Сервер запущен на порту 8082
2023/10/20 12:01:28 sad
2023/10/20 12:01:28 nam2
2023/10/20 12:01:28 Handled data: {13234} Response: server 13234
2023/10/20 12:08:59 Сервер запущен на порту 8084
2023/10/20 12:33:03 Сервер запущен на порту 8084
2023/10/20 12:40:07 Сервер запущен на порту 8084
2023/10/20 12:40:15 sad
2023/10/20 12:40:15 nam2
2023/10/20 12:40:15 Handled data: {1234} Response: server 1234
2023/10/20 12:40:25 Retrieved data: map[query:1234 response:server 1234]
2023/10/20 12:50:19 Сервер запущен на порту 8085
2023/10/20 12:50:51 sad
2023/10/20 12:50:51 nam2
2023/10/20 12:50:51 Handled data: {1234} Response: server 1234
2023/10/20 12:51:01 Retrieved data: map[query:1234 response:server 1234]
2023/10/20 12:54:49 Сервер запущен на порту 8085
2023/10/20 12:54:57 sad
2023/10/20 12:54:57 ssss
2023/10/20 12:54:57 Handled data: {1234} Response: server 1234
2023/10/20 12:55:15 Retrieved data: map[query:1234 response:server 1234]
2023/10/20 12:55:40 Retrieved data: map[query:1234 response:server 1234]
2023/10/20 12:55:58 Retrieved data: map[query:1234 response:server 1234]
